This file contains any messages produced by compilers while
running configure, to aid debugging if configure makes a mistake.

It was created by SystemC AMS configure 2.3, which was
generated by GNU Autoconf 2.63.  Invocation command line was

  $ ../configure --with-systemc=/home/anto/systemc-2.3.3 --disable-systemc_compile_check

## --------- ##
## Platform. ##
## --------- ##

hostname = anto-VirtualBox
uname -m = x86_64
uname -r = 5.4.0-84-generic
uname -s = Linux
uname -v = #94~18.04.1-Ubuntu SMP Thu Aug 26 23:17:46 UTC 2021

/usr/bin/uname -p = unknown
/bin/uname -X     = unknown

/bin/arch              = unknown
/usr/bin/arch -k       = unknown
/usr/convex/getsysinfo = unknown
/usr/bin/hostinfo      = unknown
/bin/machine           = unknown
/usr/bin/oslevel       = unknown
/bin/universe          = unknown

PATH: /usr/local/sbin
PATH: /usr/local/bin
PATH: /usr/sbin
PATH: /usr/bin
PATH: /sbin
PATH: /bin
PATH: /usr/games
PATH: /usr/local/games
PATH: /snap/bin


## ----------- ##
## Core tests. ##
## ----------- ##

configure:2160: checking build system type
configure:2178: result: x86_64-unknown-linux-gnu
configure:2200: checking host system type
configure:2215: result: x86_64-unknown-linux-gnu
configure:2237: checking target system type
configure:2252: result: x86_64-unknown-linux-gnu
configure:2296: checking for a BSD-compatible install
configure:2364: result: /usr/bin/install -c
configure:2375: checking whether build environment is sane
configure:2435: result: yes
configure:2576: checking for a thread-safe mkdir -p
configure:2615: result: /bin/mkdir -p
configure:2628: checking for gawk
configure:2658: result: no
configure:2628: checking for mawk
configure:2644: found /usr/bin/mawk
configure:2655: result: mawk
configure:2666: checking whether make sets $(MAKE)
configure:2688: result: yes
configure:2756: checking how to create a pax tar archive
configure:2769: tar --version
tar (GNU tar) 1.29
Copyright (C) 2015 Free Software Foundation, Inc.
License GPLv3+: GNU GPL version 3 or later <http://gnu.org/licenses/gpl.html>.
This is free software: you are free to change and redistribute it.
There is NO WARRANTY, to the extent permitted by law.

Written by John Gilmore and Jay Fenlason.
configure:2772: $? = 0
configure:2812: tardir=conftest.dir && eval tar --format=posix -chf - "$tardir" >conftest.tar
configure:2815: $? = 0
configure:2819: tar -xf - <conftest.tar
configure:2822: $? = 0
configure:2835: result: gnutar
configure:2907: checking for gcc
configure:2923: found /usr/bin/gcc
configure:2934: result: gcc
configure:3166: checking for C compiler version
configure:3174: gcc --version >&5
gcc (Ubuntu 7.5.0-3ubuntu1~18.04) 7.5.0
Copyright (C) 2017 Free Software Foundation, Inc.
This is free software; see the source for copying conditions.  There is NO
warranty; not even for MERCHANTABILITY or FITNESS FOR A PARTICULAR PURPOSE.

configure:3178: $? = 0
configure:3185: gcc -v >&5
Using built-in specs.
COLLECT_GCC=gcc
COLLECT_LTO_WRAPPER=/usr/lib/gcc/x86_64-linux-gnu/7/lto-wrapper
OFFLOAD_TARGET_NAMES=nvptx-none
OFFLOAD_TARGET_DEFAULT=1
Target: x86_64-linux-gnu
Configured with: ../src/configure -v --with-pkgversion='Ubuntu 7.5.0-3ubuntu1~18.04' --with-bugurl=file:///usr/share/doc/gcc-7/README.Bugs --enable-languages=c,ada,c++,go,brig,d,fortran,objc,obj-c++ --prefix=/usr --with-gcc-major-version-only --program-suffix=-7 --program-prefix=x86_64-linux-gnu- --enable-shared --enable-linker-build-id --libexecdir=/usr/lib --without-included-gettext --enable-threads=posix --libdir=/usr/lib --enable-nls --enable-bootstrap --enable-clocale=gnu --enable-libstdcxx-debug --enable-libstdcxx-time=yes --with-default-libstdcxx-abi=new --enable-gnu-unique-object --disable-vtable-verify --enable-libmpx --enable-plugin --enable-default-pie --with-system-zlib --with-target-system-zlib --enable-objc-gc=auto --enable-multiarch --disable-werror --with-arch-32=i686 --with-abi=m64 --with-multilib-list=m32,m64,mx32 --enable-multilib --with-tune=generic --enable-offload-targets=nvptx-none --without-cuda-driver --enable-checking=release --build=x86_64-linux-gnu --host=x86_64-linux-gnu --target=x86_64-linux-gnu
Thread model: posix
gcc version 7.5.0 (Ubuntu 7.5.0-3ubuntu1~18.04) 
configure:3189: $? = 0
configure:3196: gcc -V >&5
gcc: error: unrecognized command line option '-V'
gcc: fatal error: no input files
compilation terminated.
configure:3200: $? = 1
configure:3223: checking for C compiler default output file name
configure:3245: gcc    conftest.c  >&5
configure:3249: $? = 0
configure:3287: result: a.out
configure:3306: checking whether the C compiler works
configure:3316: ./a.out
configure:3320: $? = 0
configure:3339: result: yes
configure:3346: checking whether we are cross compiling
configure:3348: result: no
configure:3351: checking for suffix of executables
configure:3358: gcc -o conftest    conftest.c  >&5
configure:3362: $? = 0
configure:3388: result: 
configure:3394: checking for suffix of object files
configure:3420: gcc -c   conftest.c >&5
configure:3424: $? = 0
configure:3449: result: o
configure:3453: checking whether we are using the GNU C compiler
configure:3482: gcc -c   conftest.c >&5
configure:3489: $? = 0
configure:3506: result: yes
configure:3515: checking whether gcc accepts -g
configure:3545: gcc -c -g  conftest.c >&5
configure:3552: $? = 0
configure:3653: result: yes
configure:3670: checking for gcc option to accept ISO C89
configure:3744: gcc  -c   conftest.c >&5
configure:3751: $? = 0
configure:3774: result: none needed
configure:3803: checking for style of include used by make
configure:3831: result: GNU
configure:3856: checking dependency style of gcc
configure:3966: result: gcc3
configure:4093: checking for C++ compiler version
configure:4101: g++ --version >&5
g++ (Ubuntu 7.5.0-3ubuntu1~18.04) 7.5.0
Copyright (C) 2017 Free Software Foundation, Inc.
This is free software; see the source for copying conditions.  There is NO
warranty; not even for MERCHANTABILITY or FITNESS FOR A PARTICULAR PURPOSE.

configure:4105: $? = 0
configure:4112: g++ -v >&5
Using built-in specs.
COLLECT_GCC=g++
COLLECT_LTO_WRAPPER=/usr/lib/gcc/x86_64-linux-gnu/7/lto-wrapper
OFFLOAD_TARGET_NAMES=nvptx-none
OFFLOAD_TARGET_DEFAULT=1
Target: x86_64-linux-gnu
Configured with: ../src/configure -v --with-pkgversion='Ubuntu 7.5.0-3ubuntu1~18.04' --with-bugurl=file:///usr/share/doc/gcc-7/README.Bugs --enable-languages=c,ada,c++,go,brig,d,fortran,objc,obj-c++ --prefix=/usr --with-gcc-major-version-only --program-suffix=-7 --program-prefix=x86_64-linux-gnu- --enable-shared --enable-linker-build-id --libexecdir=/usr/lib --without-included-gettext --enable-threads=posix --libdir=/usr/lib --enable-nls --enable-bootstrap --enable-clocale=gnu --enable-libstdcxx-debug --enable-libstdcxx-time=yes --with-default-libstdcxx-abi=new --enable-gnu-unique-object --disable-vtable-verify --enable-libmpx --enable-plugin --enable-default-pie --with-system-zlib --with-target-system-zlib --enable-objc-gc=auto --enable-multiarch --disable-werror --with-arch-32=i686 --with-abi=m64 --with-multilib-list=m32,m64,mx32 --enable-multilib --with-tune=generic --enable-offload-targets=nvptx-none --without-cuda-driver --enable-checking=release --build=x86_64-linux-gnu --host=x86_64-linux-gnu --target=x86_64-linux-gnu
Thread model: posix
gcc version 7.5.0 (Ubuntu 7.5.0-3ubuntu1~18.04) 
configure:4116: $? = 0
configure:4123: g++ -V >&5
g++: error: unrecognized command line option '-V'
g++: fatal error: no input files
compilation terminated.
configure:4127: $? = 1
configure:4130: checking whether we are using the GNU C++ compiler
configure:4159: g++ -c   conftest.cpp >&5
configure:4166: $? = 0
configure:4183: result: yes
configure:4192: checking whether g++ accepts -g
configure:4222: g++ -c -g  conftest.cpp >&5
configure:4229: $? = 0
configure:4330: result: yes
configure:4355: checking dependency style of g++
configure:4465: result: gcc3
configure:4494: checking for a BSD-compatible install
configure:4562: result: /usr/bin/install -c
configure:4573: checking whether ln -s works
configure:4577: result: yes
configure:4761: checking whether to include debug symbols
configure:4775: result: not defined
configure:4779: checking whether to enable code profiling
configure:4797: result: no
configure:4835: checking whether to enable compiler optimizations
configure:4849: result: yes
configure:4866: checking how installed files will be laid out
configure:4891: result: SystemC
configure:4935: checking for SystemC library arch suffix
configure:4950: result: default (TARGET_ARCH=linux64)
configure:5026: checking for pkg-config
configure:5059: result: no
configure:5094: checking for systemc >= 2.2.0
configure:5224: result: no
configure:5280: checking for /home/anto/systemc-2.3.3/include/systemc.h
configure:5283: result: yes
configure:5345: checking for a sed that does not truncate output
configure:5411: result: /bin/sed
configure:5429: checking for grep that handles long lines and -e
configure:5489: result: /bin/grep
configure:5494: checking for egrep
configure:5558: result: /bin/grep -E
configure:5563: checking for fgrep
configure:5627: result: /bin/grep -F
configure:5662: checking for ld used by gcc
configure:5729: result: /usr/bin/ld
configure:5738: checking if the linker (/usr/bin/ld) is GNU ld
configure:5753: result: yes
configure:5765: checking for BSD- or MS-compatible name lister (nm)
configure:5814: result: /usr/bin/nm -B
configure:5932: checking the name lister (/usr/bin/nm -B) interface
configure:5939: g++ -c -Wall -pedantic -Wno-long-long -fmessage-length=0 -m64   conftest.cpp >&5
configure:5942: /usr/bin/nm -B "conftest.o"
configure:5945: output
0000000000000000 B some_variable
configure:5952: result: BSD nm
configure:5956: checking the maximum length of command line arguments
configure:6076: result: 1572864
configure:6093: checking whether the shell understands some XSI constructs
configure:6103: result: yes
configure:6107: checking whether the shell understands "+="
configure:6113: result: yes
configure:6148: checking for /usr/bin/ld option to reload object files
configure:6155: result: -r
configure:6224: checking for objdump
configure:6240: found /usr/bin/objdump
configure:6251: result: objdump
configure:6283: checking how to recognize dependent libraries
configure:6479: result: pass_all
configure:6539: checking for ar
configure:6555: found /usr/bin/ar
configure:6566: result: ar
configure:6644: checking for strip
configure:6660: found /usr/bin/strip
configure:6671: result: strip
configure:6743: checking for ranlib
configure:6759: found /usr/bin/ranlib
configure:6770: result: ranlib
configure:6860: checking command to parse /usr/bin/nm -B output from gcc object
configure:6978: g++ -c -Wall -pedantic -Wno-long-long -fmessage-length=0 -m64   conftest.cpp >&5
configure:6981: $? = 0
configure:6985: /usr/bin/nm -B conftest.o \| sed -n -e 's/^.*[	 ]\([ABCDGIRSTW][ABCDGIRSTW]*\)[	 ][	 ]*\([_A-Za-z][_A-Za-z0-9]*\)$/\1 \2 \2/p' \> conftest.nm
configure:6988: $? = 0
configure:7042: g++ -o conftest -Wall -pedantic -Wno-long-long -fmessage-length=0 -m64    conftest.cpp conftstm.o >&5
configure:7045: $? = 0
configure:7083: result: ok
configure:7179: g++ -c -Wall -pedantic -Wno-long-long -fmessage-length=0 -m64   conftest.cpp >&5
configure:7182: $? = 0
configure:7950: checking how to run the C preprocessor
configure:7990: gcc -E  conftest.c
configure:7997: $? = 0
configure:8028: gcc -E  conftest.c
conftest.c:10:10: fatal error: ac_nonexistent.h: No such file or directory
 #include <ac_nonexistent.h>
          ^~~~~~~~~~~~~~~~~~
compilation terminated.
configure:8035: $? = 1
configure: failed program was:
| /* confdefs.h.  */
| #define PACKAGE_NAME "SystemC AMS"
| #define PACKAGE_TARNAME "systemc-ams"
| #define PACKAGE_VERSION "2.3"
| #define PACKAGE_STRING "SystemC AMS 2.3"
| #define PACKAGE_BUGREPORT "https://www.coseda-tech.com"
| #define CONFIGURE_DATE "Sun Apr  3 16:02:30 CEST 2022"
| #define REVISION "$Revision: 2138 $"
| /* end confdefs.h.  */
| #include <ac_nonexistent.h>
configure:8068: result: gcc -E
configure:8097: gcc -E  conftest.c
configure:8104: $? = 0
configure:8135: gcc -E  conftest.c
conftest.c:10:10: fatal error: ac_nonexistent.h: No such file or directory
 #include <ac_nonexistent.h>
          ^~~~~~~~~~~~~~~~~~
compilation terminated.
configure:8142: $? = 1
configure: failed program was:
| /* confdefs.h.  */
| #define PACKAGE_NAME "SystemC AMS"
| #define PACKAGE_TARNAME "systemc-ams"
| #define PACKAGE_VERSION "2.3"
| #define PACKAGE_STRING "SystemC AMS 2.3"
| #define PACKAGE_BUGREPORT "https://www.coseda-tech.com"
| #define CONFIGURE_DATE "Sun Apr  3 16:02:30 CEST 2022"
| #define REVISION "$Revision: 2138 $"
| /* end confdefs.h.  */
| #include <ac_nonexistent.h>
configure:8182: checking for ANSI C header files
configure:8212: gcc -c   conftest.c >&5
configure:8219: $? = 0
configure:8318: gcc -o conftest    conftest.c  >&5
configure:8322: $? = 0
configure:8328: ./conftest
configure:8332: $? = 0
configure:8350: result: yes
configure:8374: checking for sys/types.h
configure:8395: gcc -c   conftest.c >&5
configure:8402: $? = 0
configure:8419: result: yes
configure:8374: checking for sys/stat.h
configure:8395: gcc -c   conftest.c >&5
configure:8402: $? = 0
configure:8419: result: yes
configure:8374: checking for stdlib.h
configure:8395: gcc -c   conftest.c >&5
configure:8402: $? = 0
configure:8419: result: yes
configure:8374: checking for string.h
configure:8395: gcc -c   conftest.c >&5
configure:8402: $? = 0
configure:8419: result: yes
configure:8374: checking for memory.h
configure:8395: gcc -c   conftest.c >&5
configure:8402: $? = 0
configure:8419: result: yes
configure:8374: checking for strings.h
configure:8395: gcc -c   conftest.c >&5
configure:8402: $? = 0
configure:8419: result: yes
configure:8374: checking for inttypes.h
configure:8395: gcc -c   conftest.c >&5
configure:8402: $? = 0
configure:8419: result: yes
configure:8374: checking for stdint.h
configure:8395: gcc -c   conftest.c >&5
configure:8402: $? = 0
configure:8419: result: yes
configure:8374: checking for unistd.h
configure:8395: gcc -c   conftest.c >&5
configure:8402: $? = 0
configure:8419: result: yes
configure:8437: checking for dlfcn.h
configure:8458: gcc -c   conftest.c >&5
configure:8465: $? = 0
configure:8482: result: yes
configure:8609: checking for C++ compiler version
configure:8617: g++ --version >&5
g++ (Ubuntu 7.5.0-3ubuntu1~18.04) 7.5.0
Copyright (C) 2017 Free Software Foundation, Inc.
This is free software; see the source for copying conditions.  There is NO
warranty; not even for MERCHANTABILITY or FITNESS FOR A PARTICULAR PURPOSE.

configure:8621: $? = 0
configure:8628: g++ -v >&5
Using built-in specs.
COLLECT_GCC=g++
COLLECT_LTO_WRAPPER=/usr/lib/gcc/x86_64-linux-gnu/7/lto-wrapper
OFFLOAD_TARGET_NAMES=nvptx-none
OFFLOAD_TARGET_DEFAULT=1
Target: x86_64-linux-gnu
Configured with: ../src/configure -v --with-pkgversion='Ubuntu 7.5.0-3ubuntu1~18.04' --with-bugurl=file:///usr/share/doc/gcc-7/README.Bugs --enable-languages=c,ada,c++,go,brig,d,fortran,objc,obj-c++ --prefix=/usr --with-gcc-major-version-only --program-suffix=-7 --program-prefix=x86_64-linux-gnu- --enable-shared --enable-linker-build-id --libexecdir=/usr/lib --without-included-gettext --enable-threads=posix --libdir=/usr/lib --enable-nls --enable-bootstrap --enable-clocale=gnu --enable-libstdcxx-debug --enable-libstdcxx-time=yes --with-default-libstdcxx-abi=new --enable-gnu-unique-object --disable-vtable-verify --enable-libmpx --enable-plugin --enable-default-pie --with-system-zlib --with-target-system-zlib --enable-objc-gc=auto --enable-multiarch --disable-werror --with-arch-32=i686 --with-abi=m64 --with-multilib-list=m32,m64,mx32 --enable-multilib --with-tune=generic --enable-offload-targets=nvptx-none --without-cuda-driver --enable-checking=release --build=x86_64-linux-gnu --host=x86_64-linux-gnu --target=x86_64-linux-gnu
Thread model: posix
gcc version 7.5.0 (Ubuntu 7.5.0-3ubuntu1~18.04) 
configure:8632: $? = 0
configure:8639: g++ -V >&5
g++: error: unrecognized command line option '-V'
g++: fatal error: no input files
compilation terminated.
configure:8643: $? = 1
configure:8646: checking whether we are using the GNU C++ compiler
configure:8699: result: yes
configure:8708: checking whether g++ accepts -g
configure:8846: result: yes
configure:8871: checking dependency style of g++
configure:8981: result: gcc3
configure:9004: checking how to run the C++ preprocessor
configure:9040: g++ -E  conftest.cpp
configure:9047: $? = 0
configure:9078: g++ -E  conftest.cpp
conftest.cpp:21:10: fatal error: ac_nonexistent.h: No such file or directory
 #include <ac_nonexistent.h>
          ^~~~~~~~~~~~~~~~~~
compilation terminated.
configure:9085: $? = 1
configure: failed program was:
| /* confdefs.h.  */
| #define PACKAGE_NAME "SystemC AMS"
| #define PACKAGE_TARNAME "systemc-ams"
| #define PACKAGE_VERSION "2.3"
| #define PACKAGE_STRING "SystemC AMS 2.3"
| #define PACKAGE_BUGREPORT "https://www.coseda-tech.com"
| #define CONFIGURE_DATE "Sun Apr  3 16:02:30 CEST 2022"
| #define REVISION "$Revision: 2138 $"
| #define STDC_HEADERS 1
| #define HAVE_SYS_TYPES_H 1
| #define HAVE_SYS_STAT_H 1
| #define HAVE_STDLIB_H 1
| #define HAVE_STRING_H 1
| #define HAVE_MEMORY_H 1
| #define HAVE_STRINGS_H 1
| #define HAVE_INTTYPES_H 1
| #define HAVE_STDINT_H 1
| #define HAVE_UNISTD_H 1
| #define HAVE_DLFCN_H 1
| /* end confdefs.h.  */
| #include <ac_nonexistent.h>
configure:9118: result: g++ -E
configure:9147: g++ -E  conftest.cpp
configure:9154: $? = 0
configure:9185: g++ -E  conftest.cpp
conftest.cpp:21:10: fatal error: ac_nonexistent.h: No such file or directory
 #include <ac_nonexistent.h>
          ^~~~~~~~~~~~~~~~~~
compilation terminated.
configure:9192: $? = 1
configure: failed program was:
| /* confdefs.h.  */
| #define PACKAGE_NAME "SystemC AMS"
| #define PACKAGE_TARNAME "systemc-ams"
| #define PACKAGE_VERSION "2.3"
| #define PACKAGE_STRING "SystemC AMS 2.3"
| #define PACKAGE_BUGREPORT "https://www.coseda-tech.com"
| #define CONFIGURE_DATE "Sun Apr  3 16:02:30 CEST 2022"
| #define REVISION "$Revision: 2138 $"
| #define STDC_HEADERS 1
| #define HAVE_SYS_TYPES_H 1
| #define HAVE_SYS_STAT_H 1
| #define HAVE_STDLIB_H 1
| #define HAVE_STRING_H 1
| #define HAVE_MEMORY_H 1
| #define HAVE_STRINGS_H 1
| #define HAVE_INTTYPES_H 1
| #define HAVE_STDINT_H 1
| #define HAVE_UNISTD_H 1
| #define HAVE_DLFCN_H 1
| /* end confdefs.h.  */
| #include <ac_nonexistent.h>
configure:9406: checking for objdir
configure:9421: result: .libs
configure:9717: checking if gcc supports -fno-rtti -fno-exceptions
configure:9735: gcc -c   -fno-rtti -fno-exceptions conftest.c >&5
cc1: warning: command line option '-fno-rtti' is valid for C++/ObjC++ but not for C
configure:9739: $? = 0
configure:9752: result: no
configure:9772: checking for gcc option to produce PIC
configure:10044: result: -fPIC -DPIC
configure:10056: checking if gcc PIC flag -fPIC -DPIC works
configure:10074: gcc -c   -fPIC -DPIC -DPIC conftest.c >&5
configure:10078: $? = 0
configure:10091: result: yes
configure:10115: checking if gcc static flag -static works
configure:10143: result: yes
configure:10158: checking if gcc supports -c -o file.o
configure:10179: gcc -c   -o out/conftest2.o conftest.c >&5
configure:10183: $? = 0
configure:10205: result: yes
configure:10213: checking if gcc supports -c -o file.o
configure:10260: result: yes
configure:10293: checking whether the gcc linker (/usr/bin/ld -m elf_x86_64) supports shared libraries
configure:11367: result: yes
configure:11404: checking whether -lc should be explicitly linked in
configure:11409: gcc -c   conftest.c >&5
configure:11412: $? = 0
configure:11427: gcc -shared conftest.o  -v -Wl,-soname -Wl,conftest -o conftest 2\>\&1 \| /bin/grep  -lc  \>/dev/null 2\>\&1
configure:11430: $? = 0
configure:11442: result: no
configure:11606: checking dynamic linker characteristics
configure:12049: gcc -o conftest    -Wl,-rpath -Wl,/foo conftest.c  >&5
configure:12056: $? = 0
configure:12292: result: GNU/Linux ld.so
configure:12394: checking how to hardcode library paths into programs
configure:12419: result: immediate
configure:13252: checking whether stripping libraries is possible
configure:13257: result: yes
configure:13292: checking if libtool supports shared libraries
configure:13294: result: yes
configure:13297: checking whether to build shared libraries
configure:13318: result: yes
configure:13321: checking whether to build static libraries
configure:13325: result: yes
configure:13475: checking for ld used by g++
configure:13542: result: /usr/bin/ld -m elf_x86_64
configure:13551: checking if the linker (/usr/bin/ld -m elf_x86_64) is GNU ld
configure:13566: result: yes
configure:13621: checking whether the g++ linker (/usr/bin/ld -m elf_x86_64) supports shared libraries
configure:14596: result: yes
configure:14624: g++ -c -Wall -pedantic -Wno-long-long -fmessage-length=0 -m64   conftest.cpp >&5
configure:14627: $? = 0
configure:14809: checking for g++ option to produce PIC
configure:15126: result: -fPIC -DPIC
configure:15135: checking if g++ PIC flag -fPIC -DPIC works
configure:15153: g++ -c -Wall -pedantic -Wno-long-long -fmessage-length=0 -m64   -fPIC -DPIC -DPIC conftest.cpp >&5
configure:15157: $? = 0
configure:15170: result: yes
configure:15191: checking if g++ static flag -static works
configure:15219: result: yes
configure:15231: checking if g++ supports -c -o file.o
configure:15252: g++ -c -Wall -pedantic -Wno-long-long -fmessage-length=0 -m64   -o out/conftest2.o conftest.cpp >&5
configure:15256: $? = 0
configure:15278: result: yes
configure:15283: checking if g++ supports -c -o file.o
configure:15330: result: yes
configure:15360: checking whether the g++ linker (/usr/bin/ld -m elf_x86_64) supports shared libraries
configure:15386: result: yes
configure:15523: checking dynamic linker characteristics
configure:15914: g++ -o conftest -Wall -pedantic -Wno-long-long -fmessage-length=0 -m64    -Wl,-rpath -Wl,/foo conftest.cpp  >&5
configure:15921: $? = 0
configure:16157: result: GNU/Linux ld.so
configure:16208: checking how to hardcode library paths into programs
configure:16233: result: immediate
configure:16538: creating ./config.status

## ---------------------- ##
## Running config.status. ##
## ---------------------- ##

This file was extended by SystemC AMS config.status 2.3, which was
generated by GNU Autoconf 2.63.  Invocation command line was

  CONFIG_FILES    = 
  CONFIG_HEADERS  = 
  CONFIG_LINKS    = 
  CONFIG_COMMANDS = 
  $ ./config.status 

on anto-VirtualBox

config.status:1105: creating Makefile
config.status:1105: creating src/Makefile
config.status:1105: creating src/scams/Makefile
config.status:1105: creating src/scams/systemc-ams.pc
config.status:1105: creating src/scams/analysis/Makefile
config.status:1105: creating src/scams/analysis/ac/Makefile
config.status:1105: creating src/scams/core/Makefile
config.status:1105: creating src/scams/impl/Makefile
config.status:1105: creating src/scams/impl/analysis/Makefile
config.status:1105: creating src/scams/impl/analysis/ac/Makefile
config.status:1105: creating src/scams/impl/core/Makefile
config.status:1105: creating src/scams/impl/predefined_moc/Makefile
config.status:1105: creating src/scams/impl/predefined_moc/conservative/Makefile
config.status:1105: creating src/scams/impl/predefined_moc/eln/Makefile
config.status:1105: creating src/scams/impl/predefined_moc/lsf/Makefile
config.status:1105: creating src/scams/impl/predefined_moc/tdf/Makefile
config.status:1105: creating src/scams/impl/solver/Makefile
config.status:1105: creating src/scams/impl/solver/linear/Makefile
config.status:1105: creating src/scams/impl/solver/tdf/Makefile
config.status:1105: creating src/scams/impl/solver/user_solver/Makefile
config.status:1105: creating src/scams/impl/solver/util/Makefile
config.status:1105: creating src/scams/impl/solver/util/sparse_library/Makefile
config.status:1105: creating src/scams/impl/synchronization/Makefile
config.status:1105: creating src/scams/impl/util/Makefile
config.status:1105: creating src/scams/impl/util/data_types/Makefile
config.status:1105: creating src/scams/impl/util/reporting/Makefile
config.status:1105: creating src/scams/impl/util/tracing/Makefile
config.status:1105: creating src/scams/predefined_moc/Makefile
config.status:1105: creating src/scams/predefined_moc/eln/Makefile
config.status:1105: creating src/scams/predefined_moc/lsf/Makefile
config.status:1105: creating src/scams/predefined_moc/tdf/Makefile
config.status:1105: creating src/scams/utility/Makefile
config.status:1105: creating src/scams/utility/data_types/Makefile
config.status:1105: creating src/scams/utility/reporting/Makefile
config.status:1105: creating src/scams/utility/tracing/Makefile
config.status:1105: creating docs/Makefile
config.status:1105: creating src/config.h
config.status:1372: executing depfiles commands
config.status:1372: executing libtool commands

------------------------------------------------------------------------------
Configuration summary of SystemC AMS 2.3 for x86_64-unknown-linux-gnu
------------------------------------------------------------------------------

 Directory setup (based on SystemC layout):
   Installation prefix: /home/anto/PowerSim-MultiSensor-Example/systemc-ams-2.3
   Header files:        /home/anto/PowerSim-MultiSensor-Example/systemc-ams-2.3/include
   Libraries:           /home/anto/PowerSim-MultiSensor-Example/systemc-ams-2.3/lib-linux64
   Documentation:       /home/anto/PowerSim-MultiSensor-Example/systemc-ams-2.3/docs

 Target architecture:   linux64

 Build settings:
   Compiler (flags):    g++
                        
   Preprocessor flags:  
   SystemC CFLAGS:      -I/home/anto/systemc-2.3.3/include
   SystemC LIBS:        -L/home/anto/systemc-2.3.3/lib-linux64 -lsystemc
   Additional LIBS:     
   Enable compiler optimizations:   yes
   Include debug symbols:           no
   Generate instrumentation calls:  no
------------------------------------------------------------------------------

## ---------------- ##
## Cache variables. ##
## ---------------- ##

ac_cv_build=x86_64-unknown-linux-gnu
ac_cv_c_compiler_gnu=yes
ac_cv_cxx_compiler_gnu=yes
ac_cv_env_CCC_set=
ac_cv_env_CCC_value=
ac_cv_env_CC_set=
ac_cv_env_CC_value=
ac_cv_env_CFLAGS_set=
ac_cv_env_CFLAGS_value=
ac_cv_env_CPPFLAGS_set=
ac_cv_env_CPPFLAGS_value=
ac_cv_env_CPP_set=
ac_cv_env_CPP_value=
ac_cv_env_CXXCPP_set=
ac_cv_env_CXXCPP_value=
ac_cv_env_CXXFLAGS_set=
ac_cv_env_CXXFLAGS_value=
ac_cv_env_CXX_set=set
ac_cv_env_CXX_value=g++
ac_cv_env_LDFLAGS_set=
ac_cv_env_LDFLAGS_value=
ac_cv_env_LIBS_set=
ac_cv_env_LIBS_value=
ac_cv_env_PKG_CONFIG_LIBDIR_set=
ac_cv_env_PKG_CONFIG_LIBDIR_value=
ac_cv_env_PKG_CONFIG_PATH_set=
ac_cv_env_PKG_CONFIG_PATH_value=
ac_cv_env_PKG_CONFIG_set=
ac_cv_env_PKG_CONFIG_value=
ac_cv_env_SYSTEMC_CFLAGS_set=
ac_cv_env_SYSTEMC_CFLAGS_value=
ac_cv_env_SYSTEMC_LIBS_set=
ac_cv_env_SYSTEMC_LIBS_value=
ac_cv_env_build_alias_set=
ac_cv_env_build_alias_value=
ac_cv_env_host_alias_set=
ac_cv_env_host_alias_value=
ac_cv_env_target_alias_set=
ac_cv_env_target_alias_value=
ac_cv_header_dlfcn_h=yes
ac_cv_header_inttypes_h=yes
ac_cv_header_memory_h=yes
ac_cv_header_stdc=yes
ac_cv_header_stdint_h=yes
ac_cv_header_stdlib_h=yes
ac_cv_header_string_h=yes
ac_cv_header_strings_h=yes
ac_cv_header_sys_stat_h=yes
ac_cv_header_sys_types_h=yes
ac_cv_header_unistd_h=yes
ac_cv_host=x86_64-unknown-linux-gnu
ac_cv_objext=o
ac_cv_path_EGREP='/bin/grep -E'
ac_cv_path_FGREP='/bin/grep -F'
ac_cv_path_GREP=/bin/grep
ac_cv_path_SED=/bin/sed
ac_cv_path_install='/usr/bin/install -c'
ac_cv_path_mkdir=/bin/mkdir
ac_cv_prog_AWK=mawk
ac_cv_prog_CPP='gcc -E'
ac_cv_prog_CXXCPP='g++ -E'
ac_cv_prog_ac_ct_AR=ar
ac_cv_prog_ac_ct_CC=gcc
ac_cv_prog_ac_ct_OBJDUMP=objdump
ac_cv_prog_ac_ct_RANLIB=ranlib
ac_cv_prog_ac_ct_STRIP=strip
ac_cv_prog_cc_c89=
ac_cv_prog_cc_g=yes
ac_cv_prog_cxx_g=yes
ac_cv_prog_make_make_set=yes
ac_cv_target=x86_64-unknown-linux-gnu
am_cv_CC_dependencies_compiler_type=gcc3
am_cv_CXX_dependencies_compiler_type=gcc3
am_cv_prog_tar_pax=gnutar
lt_cv_deplibs_check_method=pass_all
lt_cv_file_magic_cmd='$MAGIC_CMD'
lt_cv_file_magic_test_file=
lt_cv_ld_reload_flag=-r
lt_cv_nm_interface='BSD nm'
lt_cv_objdir=.libs
lt_cv_path_LD=/usr/bin/ld
lt_cv_path_LDCXX='/usr/bin/ld -m elf_x86_64'
lt_cv_path_NM='/usr/bin/nm -B'
lt_cv_prog_compiler_c_o=yes
lt_cv_prog_compiler_c_o_CXX=yes
lt_cv_prog_compiler_pic_works=yes
lt_cv_prog_compiler_pic_works_CXX=yes
lt_cv_prog_compiler_rtti_exceptions=no
lt_cv_prog_compiler_static_works=yes
lt_cv_prog_compiler_static_works_CXX=yes
lt_cv_prog_gnu_ld=yes
lt_cv_prog_gnu_ldcxx=yes
lt_cv_sys_global_symbol_pipe='sed -n -e '\''s/^.*[	 ]\([ABCDGIRSTW][ABCDGIRSTW]*\)[	 ][	 ]*\([_A-Za-z][_A-Za-z0-9]*\)$/\1 \2 \2/p'\'''
lt_cv_sys_global_symbol_to_c_name_address='sed -n -e '\''s/^: \([^ ]*\) $/  {\"\1\", (void *) 0},/p'\'' -e '\''s/^[ABCDGIRSTW]* \([^ ]*\) \([^ ]*\)$/  {"\2", (void *) \&\2},/p'\'''
lt_cv_sys_global_symbol_to_c_name_address_lib_prefix='sed -n -e '\''s/^: \([^ ]*\) $/  {\"\1\", (void *) 0},/p'\'' -e '\''s/^[ABCDGIRSTW]* \([^ ]*\) \(lib[^ ]*\)$/  {"\2", (void *) \&\2},/p'\'' -e '\''s/^[ABCDGIRSTW]* \([^ ]*\) \([^ ]*\)$/  {"lib\2", (void *) \&\2},/p'\'''
lt_cv_sys_global_symbol_to_cdecl='sed -n -e '\''s/^T .* \(.*\)$/extern int \1();/p'\'' -e '\''s/^[ABCDGIRSTW]* .* \(.*\)$/extern char \1;/p'\'''
lt_cv_sys_max_cmd_len=1572864

## ----------------- ##
## Output variables. ##
## ----------------- ##

ACLOCAL='${SHELL} /home/anto/PowerSim-MultiSensor-Example/systemc-ams-2.3/config/missing --run aclocal-1.11'
AMDEPBACKSLASH='\'
AMDEP_FALSE='#'
AMDEP_TRUE=''
AMTAR='${SHELL} /home/anto/PowerSim-MultiSensor-Example/systemc-ams-2.3/config/missing --run tar'
AM_BACKSLASH='\'
AM_DEFAULT_VERBOSITY='0'
AR='ar'
AUTOCONF='${SHELL} /home/anto/PowerSim-MultiSensor-Example/systemc-ams-2.3/config/missing --run autoconf'
AUTOHEADER='${SHELL} /home/anto/PowerSim-MultiSensor-Example/systemc-ams-2.3/config/missing --run autoheader'
AUTOMAKE='${SHELL} /home/anto/PowerSim-MultiSensor-Example/systemc-ams-2.3/config/missing --run automake-1.11'
AWK='mawk'
CC='gcc'
CCDEPMODE='depmode=gcc3'
CFLAGS=''
CONFIGURE_DATE=''
CPP='gcc -E'
CPPFLAGS=''
CXX='g++'
CXXCPP='g++ -E'
CXXDEPMODE='depmode=gcc3'
CXXFLAGS=''
CYGPATH_W='echo'
DEBUG_CXXFLAGS='-g -DDEBUG'
DEBUG_LDFLAGS='-g'
DEFS='-DHAVE_CONFIG_H'
DEPDIR='.deps'
DSYMUTIL=''
DUMPBIN=''
ECHO_C=''
ECHO_N='-n'
ECHO_T=''
EGREP='/bin/grep -E'
EXEEXT=''
EXTRA_CXXFLAGS='-Wall -pedantic -Wno-long-long -fmessage-length=0 -m64'
FGREP='/bin/grep -F'
GREP='/bin/grep'
INSTALL_DATA='${INSTALL} -m 644'
INSTALL_PROGRAM='${INSTALL}'
INSTALL_SCRIPT='${INSTALL}'
INSTALL_STRIP_PROGRAM='$(install_sh) -c -s'
LD='/usr/bin/ld -m elf_x86_64'
LDFLAGS=''
LDFLAG_RPATH='-Wl,-rpath='
LIBOBJS=''
LIBS=''
LIBTOOL='$(SHELL) $(top_builddir)/libtool'
LIB_ARCH_SUFFIX='-linux64'
LIPO=''
LN_S='ln -s'
LTLIBOBJS=''
MAKEINFO='${SHELL} /home/anto/PowerSim-MultiSensor-Example/systemc-ams-2.3/config/missing --run makeinfo'
MKDIR_P='/bin/mkdir -p'
NM='/usr/bin/nm -B'
NMEDIT=''
OBJDUMP='objdump'
OBJEXT='o'
OPT_CXXFLAGS='-O3'
OTOOL64=''
OTOOL=''
PACKAGE='systemc-ams'
PACKAGE_BUGREPORT='https://www.coseda-tech.com'
PACKAGE_NAME='SystemC AMS'
PACKAGE_STRING='SystemC AMS 2.3'
PACKAGE_TARNAME='systemc-ams'
PACKAGE_VERSION='2.3'
PATH_SEPARATOR=':'
PKG_CONFIG=''
PKG_CONFIG_LIBDIR=''
PKG_CONFIG_PATH=''
RANLIB='ranlib'
REVISION='$Revision: 2138 $'
SED='/bin/sed'
SET_MAKE=''
SHELL='/bin/bash'
STRIP='strip'
SYSTEMC_CFLAGS='-I/home/anto/systemc-2.3.3/include'
SYSTEMC_LIBS='-L/home/anto/systemc-2.3.3/lib-linux64 -lsystemc'
TARGET_ARCH='linux64'
VERSION='2.3'
WANT_DEBUG_FALSE=''
WANT_DEBUG_TRUE='#'
WANT_OPTIMIZED_FALSE='#'
WANT_OPTIMIZED_TRUE=''
ac_ct_CC='gcc'
ac_ct_CXX=''
ac_ct_DUMPBIN=''
am__EXEEXT_FALSE=''
am__EXEEXT_TRUE='#'
am__fastdepCC_FALSE='#'
am__fastdepCC_TRUE=''
am__fastdepCXX_FALSE='#'
am__fastdepCXX_TRUE=''
am__include='include'
am__isrc=' -I$(srcdir)'
am__leading_dot='.'
am__quote=''
am__tar='tar --format=posix -chf - "$$tardir"'
am__untar='tar -xf -'
bindir='${exec_prefix}/bin'
build='x86_64-unknown-linux-gnu'
build_alias=''
build_cpu='x86_64'
build_os='linux-gnu'
build_vendor='unknown'
datadir='${datarootdir}'
datarootdir='/home/anto/PowerSim-MultiSensor-Example/systemc-ams-2.3'
docdir='/home/anto/PowerSim-MultiSensor-Example/systemc-ams-2.3/docs'
dvidir='${docdir}'
exec_prefix='${prefix}'
host='x86_64-unknown-linux-gnu'
host_alias=''
host_cpu='x86_64'
host_os='linux-gnu'
host_vendor='unknown'
htmldir='${docdir}'
includedir='${prefix}/include'
infodir='${datarootdir}/info'
install_sh='${SHELL} /home/anto/PowerSim-MultiSensor-Example/systemc-ams-2.3/config/install-sh'
libdir='${exec_prefix}/lib-linux64'
libexecdir='${exec_prefix}/libexec'
localedir='${datarootdir}/locale'
localstatedir='${prefix}/var'
lt_ECHO='echo'
mandir='${datarootdir}/man'
mkdir_p='/bin/mkdir -p'
oldincludedir='/usr/include'
pdfdir='${docdir}'
prefix='/home/anto/PowerSim-MultiSensor-Example/systemc-ams-2.3'
program_transform_name='s,x,x,'
psdir='${docdir}'
rootdocdir='/home/anto/PowerSim-MultiSensor-Example/systemc-ams-2.3'
sbindir='${exec_prefix}/sbin'
sharedstatedir='${prefix}/com'
sysconfdir='${prefix}/etc'
target='x86_64-unknown-linux-gnu'
target_alias=''
target_cpu='x86_64'
target_os='linux-gnu'
target_vendor='unknown'

## ----------- ##
## confdefs.h. ##
## ----------- ##

#define PACKAGE_NAME "SystemC AMS"
#define PACKAGE_TARNAME "systemc-ams"
#define PACKAGE_VERSION "2.3"
#define PACKAGE_STRING "SystemC AMS 2.3"
#define PACKAGE_BUGREPORT "https://www.coseda-tech.com"
#define CONFIGURE_DATE "Sun Apr  3 16:02:30 CEST 2022"
#define REVISION "$Revision: 2138 $"
#define STDC_HEADERS 1
#define HAVE_SYS_TYPES_H 1
#define HAVE_SYS_STAT_H 1
#define HAVE_STDLIB_H 1
#define HAVE_STRING_H 1
#define HAVE_MEMORY_H 1
#define HAVE_STRINGS_H 1
#define HAVE_INTTYPES_H 1
#define HAVE_STDINT_H 1
#define HAVE_UNISTD_H 1
#define HAVE_DLFCN_H 1
#define LT_OBJDIR ".libs/"

configure: exit 0
